<?xml version="1.0" encoding="UTF-8"?>
<!-- Generated by org.testng.reporters.JUnitReportReporter -->
<testsuite hostname="LAPTOP-DD7O2KCP" failures="0" tests="5" name="com.qa.Tests.SuccessfulPaymentTest" time="16.378" errors="0" timestamp="15 Mar 2020 07:37:02 GMT" skipped="0">
  <testcase classname="com.qa.Tests.SuccessfulPaymentTest" name="SuccessfulPaymentTransaction" time="10.739"/>
  <testcase classname="com.qa.Tests.SuccessfulPaymentTest" name="VerifySuccessMessage" time="0.494"/>
  <testcase classname="com.qa.Tests.SuccessfulPaymentTest" name="FailedPaymentTransaction" time="4.249"/>
  <testcase classname="com.qa.Tests.SuccessfulPaymentTest" name="VerifyFailedTransactionMessage" time="0.485"/>
  <testcase classname="com.qa.Tests.SuccessfulPaymentTest" name="VerifyFailedTransactionBankMessage" time="0.411"/>
</testsuite> <!-- com.qa.Tests.SuccessfulPaymentTest -->
